<?xml version="1.0" encoding="UTF-8"?>
<testng-results ignored="0" total="2" passed="2" failed="0" skipped="0">
  <reporter-output>
  </reporter-output>
  <suite started-at="2024-05-17T05:27:55 EDT" name="TestNG EverShop Demo" finished-at="2024-05-17T05:28:30 EDT" duration-ms="35614">
    <groups>
    </groups>
    <test started-at="2024-05-17T05:27:55 EDT" name="Test Evershop Website" finished-at="2024-05-17T05:28:30 EDT" duration-ms="35614">
      <class name="TestNGEvershop">
        <test-method is-config="true" signature="OpenEvershop()[pri:0, instance:TestNGEvershop@e8df99a]" started-at="2024-05-17T05:27:55 EDT" name="OpenEvershop" finished-at="2024-05-17T05:27:57 EDT" duration-ms="2746" status="PASS">
          <reporter-output>
          </reporter-output>
        </test-method> <!-- OpenEvershop -->
        <test-method signature="addKidsItemToCart(java.lang.String,int,java.lang.String,java.lang.String)[pri:0, instance:TestNGEvershop@e8df99a]" started-at="2024-05-17T05:27:58 EDT" name="addKidsItemToCart" finished-at="2024-05-17T05:28:06 EDT" duration-ms="8028" status="PASS">
          <params>
            <param index="0">
              <value>
                <![CDATA[Coated glitter chuck taylor all star]]>
              </value>
            </param>
            <param index="1">
              <value>
                <![CDATA[3]]>
              </value>
            </param>
            <param index="2">
              <value>
                <![CDATA[Purple]]>
              </value>
            </param>
            <param index="3">
              <value>
                <![CDATA[M]]>
              </value>
            </param>
          </params>
          <reporter-output>
          </reporter-output>
        </test-method> <!-- addKidsItemToCart -->
        <test-method signature="addWomenItemToCart()[pri:0, instance:TestNGEvershop@e8df99a]" started-at="2024-05-17T05:28:06 EDT" name="addWomenItemToCart" finished-at="2024-05-17T05:28:26 EDT" duration-ms="20940" status="PASS">
          <reporter-output>
          </reporter-output>
        </test-method> <!-- addWomenItemToCart -->
        <test-method is-config="true" signature="logout()[pri:0, instance:TestNGEvershop@e8df99a]" started-at="2024-05-17T05:28:26 EDT" name="logout" finished-at="2024-05-17T05:28:30 EDT" duration-ms="3847" status="PASS">
          <reporter-output>
          </reporter-output>
        </test-method> <!-- logout -->
      </class> <!-- TestNGEvershop -->
    </test> <!-- Test Evershop Website -->
  </suite> <!-- TestNG EverShop Demo -->
</testng-results>
